<?xml version="1.0" encoding="UTF-8"?>
<!-- Generated by org.testng.reporters.JUnitReportReporter -->
<testsuite hostname="DESKTOP-AD3Q4QV" failures="0" tests="4" name="com.TestNG.Class1" time="0.011" errors="0" timestamp="2022-11-22T20:59:27 IST" skipped="0">
  <testcase classname="com.TestNG.Class1" name="test1" time="0.008"/>
  <system-out/>
  <testcase classname="com.TestNG.Class1" name="test3" time="0.001"/>
  <system-out/>
  <testcase classname="com.TestNG.Class1" name="test2" time="0.001"/>
  <system-out/>
  <testcase classname="com.TestNG.Class1" name="test4" time="0.001"/>
  <system-out/>
</testsuite> <!-- com.TestNG.Class1 -->
