<?xml version="1.0" encoding="UTF-8"?>
<!-- Generated by org.testng.reporters.JUnitReportReporter -->
<testsuite hostname="DESKTOP-AD3Q4QV" failures="0" tests="1" name="com.agilecrmautomation.AmazonElectronicsSearch" time="16.224" errors="0" timestamp="2023-01-17T19:17:31 IST" skipped="0">
  <testcase classname="com.agilecrmautomation.AmazonElectronicsSearch" name="amazonTest" time="16.224"/>
  <system-out/>
</testsuite> <!-- com.agilecrmautomation.AmazonElectronicsSearch -->
